Arguments: 
  C:\Program Files\nodejs\node.exe C:\Users\fvald\AppData\Roaming\npm\node_modules\yarn\bin\yarn.js start

PATH: 
  C:\Program Files\Git\mingw64\bin;C:\Program Files\Git\usr\bin;C:\Users\fvald\bin;C:\Program Files (x86)\Common Files\Oracle\Java\javapath;C:\Users\fvald\introcs\java\bin;C:\ProgramData\Oracle\Java\javapath;C:\Windows\system32;C:\Windows;C:\Windows\System32\Wbem;C:\Windows\System32\WindowsPowerShell\v1.0;C:\WINDOWS\system32;C:\WINDOWS;C:\WINDOWS\System32\Wbem;C:\WINDOWS\System32\WindowsPowerShell\v1.0;C:\Program Files\Git\cmd;C:\Program Files\nodejs;C:\Program Files\MySQL\MySQL Server 5.7\bin;C:\Program Files\MongoDB\Server\3.6\bin;C:\Program Files\Amazon\AWSCLI;C:\WINDOWS\System32\OpenSSH;C:\Ruby25-x64\bin;C:\Users\fvald\AppData\Local\Programs\Python\Python35\Scripts;C:\Users\fvald\AppData\Local\Programs\Python\Python35;C:\Ruby24-x64\bin;C:\Users\fvald\introcs\j3d\bin;C:\Users\fvald\introcs\bin;C:\Users\fvald\introcs\java\bin;C:\Users\fvald\AppData\Local\Microsoft\WindowsApps;C:\Users\fvald\AppData\Local\atom\bin;C:\Users\fvald\AppData\Local\Microsoft\WindowsApps;C:\Program Files\Heroku\bin;C:\Users\fvald\AppData\Roaming\npm;C:\Program Files\Microsoft VS Code\bin

Yarn version: 
  1.5.1

Node version: 
  9.3.0

Platform: 
  win32 x64

npm manifest: 
  {
      "title": "Resume",
      "name": "startbootstrap-resume",
      "version": "4.0.0",
      "description": "Resume is a simple, yet elegant resume and CV theme for Bootstrap 4.",
      "keywords": [
          "css",
          "sass",
          "html",
          "responsive",
          "theme",
          "template"
      ],
      "homepage": "https://startbootstrap.com/template-overviews/resume",
      "bugs": {
          "url": "https://github.com/BlackrockDigital/startbootstrap-resume/issues",
          "email": "feedback@startbootstrap.com"
      },
      "license": "MIT",
      "author": "Start Bootstrap",
      "contributors": [
          "David Miller (http://davidmiller.io/)"
      ],
      "repository": {
          "type": "git",
          "url": "https://github.com/BlackrockDigital/startbootstrap-resume.git"
      },
      "dependencies": {
          "bootstrap": "4.0.0",
          "devicons": "^1.8.0",
          "jquery": "3.3.1",
          "simple-line-icons": "^2.4.1"
      },
      "devDependencies": {
          "browser-sync": "2.23.6",
          "gulp": "^3.9.1",
          "gulp-clean-css": "3.9.2",
          "gulp-header": "2.0.1",
          "gulp-rename": "^1.2.2",
          "gulp-sass": "^3.1.0",
          "gulp-uglify": "3.0.0"
      }
  }

yarn manifest: 
  No manifest

Lockfile: 
  No lockfile

Trace: 
  Error: Command "start" not found.
      at new MessageError (C:\Users\fvald\AppData\Roaming\npm\node_modules\yarn\lib\cli.js:186:110)
      at C:\Users\fvald\AppData\Roaming\npm\node_modules\yarn\lib\cli.js:87307:17
      at Generator.next (<anonymous>)
      at step (C:\Users\fvald\AppData\Roaming\npm\node_modules\yarn\lib\cli.js:98:30)
      at C:\Users\fvald\AppData\Roaming\npm\node_modules\yarn\lib\cli.js:116:14
      at new Promise (<anonymous>)
      at new F (C:\Users\fvald\AppData\Roaming\npm\node_modules\yarn\lib\cli.js:23451:28)
      at C:\Users\fvald\AppData\Roaming\npm\node_modules\yarn\lib\cli.js:95:12
      at runCommand (C:\Users\fvald\AppData\Roaming\npm\node_modules\yarn\lib\cli.js:87312:22)
      at Object.<anonymous> (C:\Users\fvald\AppData\Roaming\npm\node_modules\yarn\lib\cli.js:87412:14)
